android/app/build/outputs/logs/manifest-merger-release-report.txt
-- Merging decision tree log ---
manifest
ADDED from src/main/AndroidManifest.xml:1:1-66:12
	package
		ADDED from src/main/AndroidManifest.xml:2:5-24
		INJECTED from src/main/AndroidManifest.xml
		INJECTED from src/main/AndroidManifest.xml
	android:versionName
		ADDED from src/main/AndroidManifest.xml:4:5-32
		INJECTED from src/main/AndroidManifest.xml
		INJECTED from src/main/AndroidManifest.xml
	android:versionCode
		ADDED from src/main/AndroidManifest.xml:3:5-28
		INJECTED from src/main/AndroidManifest.xml
		INJECTED from src/main/AndroidManifest.xml
	xmlns:android
		ADDED from src/main/AndroidManifest.xml:1:11-69
uses-permission#android.permission.INTERNET
ADDED from src/main/AndroidManifest.xml:6:5-67
MERGED from [upapp:react-native-network-info:unspecified] AndroidManifest.xml:11:5-67
MERGED from [upapp:react-native-wechat:unspecified] AndroidManifest.xml:11:5-67
MERGED from [upapp:react-native-getui:unspecified] AndroidManifest.xml:12:5-67
	android:name
		ADDED from src/main/AndroidManifest.xml:6:22-64
uses-permission#android.permission.SYSTEM_ALERT_WINDOW
ADDED from src/main/AndroidManifest.xml:7:5-77
MERGED from [upapp:react-native-getui:unspecified] AndroidManifest.xml:29:5-78
MERGED from [com.facebook.react:react-native:0.44.3] AndroidManifest.xml:11:5-78
	android:name
		ADDED from src/main/AndroidManifest.xml:7:22-75
uses-permission#android.permission.CAMERA
ADDED from src/main/AndroidManifest.xml:9:5-64
	android:name
		ADDED from src/main/AndroidManifest.xml:9:22-62
uses-permission#android.permission.VIBRATE
ADDED from src/main/AndroidManifest.xml:10:5-65
MERGED from [upapp:react-native-getui:unspecified] AndroidManifest.xml:20:5-66
	android:name
		ADDED from src/main/AndroidManifest.xml:10:22-63
uses-permission#android.permission.ACCESS_FINE_LOCATION
ADDED from src/main/AndroidManifest.xml:12:5-78
MERGED from [upapp:react-native-getui:unspecified] AndroidManifest.xml:26:5-79
	android:name
		ADDED from src/main/AndroidManifest.xml:12:22-76
uses-permission#android.permission.ACCESS_NETWORK_STATE
ADDED from src/main/AndroidManifest.xml:14:5-79
MERGED from [upapp:react-native-network-info:unspecified] AndroidManifest.xml:12:5-79
MERGED from [upapp:react-native-wechat:unspecified] AndroidManifest.xml:12:5-79
MERGED from [upapp:react-native-getui:unspecified] AndroidManifest.xml:14:5-79
	android:name
		ADDED from src/main/AndroidManifest.xml:14:22-76
uses-permission#android.permission.ACCESS_WIFI_STATE
ADDED from src/main/AndroidManifest.xml:15:5-76
MERGED from [upapp:react-native-network-info:unspecified] AndroidManifest.xml:13:5-76
MERGED from [upapp:react-native-wechat:unspecified] AndroidManifest.xml:13:5-76
MERGED from [upapp:react-native-getui:unspecified] AndroidManifest.xml:16:5-76
	android:name
		ADDED from src/main/AndroidManifest.xml:15:22-73
uses-permission#android.permission.READ_PHONE_STATE
ADDED from src/main/AndroidManifest.xml:16:5-75
MERGED from [upapp:react-native-wechat:unspecified] AndroidManifest.xml:14:5-75
MERGED from [upapp:react-native-getui:unspecified] AndroidManifest.xml:13:5-75
	android:name
		ADDED from src/main/AndroidManifest.xml:16:22-72
uses-feature#android.hardware.camera
ADDED from src/main/AndroidManifest.xml:18:5-59
	android:name
		ADDED from src/main/AndroidManifest.xml:18:19-57
uses-sdk
ADDED from src/main/AndroidManifest.xml:20:5-22:41
MERGED from [upapp:react-native-network-info:unspecified] AndroidManifest.xml:7:5-9:41
MERGED from [upapp:react-native-wechat:unspecified] AndroidManifest.xml:7:5-9:41
MERGED from [upapp:react-native-smart-barcode:unspecified] AndroidManifest.xml:7:5-9:41
MERGED from [upapp:react-native-image-crop-picker:unspecified] AndroidManifest.xml:6:5-8:41
MERGED from [com.yalantis:ucrop:2.2.0-native] AndroidManifest.xml:8:5-10:41
MERGED from [id.zelory:compressor:2.1.0] AndroidManifest.xml:8:5-10:41
MERGED from [upapp:react-native-getui:unspecified] AndroidManifest.xml:7:5-9:41
MERGED from [com.facebook.react:react-native:0.44.3] AndroidManifest.xml:7:5-9:41
MERGED from [com.android.support:appcompat-v7:24.2.0] AndroidManifest.xml:21:5-23:78
MERGED from [com.android.support:animated-vector-drawable:24.2.0] AndroidManifest.xml:20:5-44
MERGED from [com.android.support:support-vector-drawable:24.2.0] AndroidManifest.xml:21:5-43
MERGED from [com.android.support:support-v4:26.0.0-alpha1] AndroidManifest.xml:21:5-23:54
MERGED from [com.android.support:support-media-compat:26.0.0-alpha1] AndroidManifest.xml:21:5-23:63
MERGED from [com.android.support:support-fragment:26.0.0-alpha1] AndroidManifest.xml:21:5-23:60
MERGED from [com.android.support:support-core-ui:26.0.0-alpha1] AndroidManifest.xml:21:5-23:58
MERGED from [com.android.support:support-core-utils:26.0.0-alpha1] AndroidManifest.xml:21:5-23:61
MERGED from [com.android.support:support-compat:26.0.0-alpha1] AndroidManifest.xml:21:5-23:58
MERGED from [com.facebook.fbui.textlayoutbuilder:textlayoutbuilder:1.0.0] AndroidManifest.xml:14:5-16:41
MERGED from [com.facebook.fresco:fresco:1.0.1] AndroidManifest.xml:5:5-7:41
MERGED from [com.facebook.fresco:drawee:1.0.1] AndroidManifest.xml:5:5-7:41
MERGED from [com.facebook.fresco:imagepipeline-okhttp3:1.0.1] AndroidManifest.xml:5:5-7:41
MERGED from [com.facebook.fresco:imagepipeline:1.0.1] AndroidManifest.xml:5:5-7:41
MERGED from [com.facebook.fresco:imagepipeline-base:1.0.1] AndroidManifest.xml:5:5-7:41
MERGED from [com.facebook.fresco:fbcore:1.0.1] AndroidManifest.xml:5:5-7:41
MERGED from [com.facebook.soloader:soloader:0.1.0] AndroidManifest.xml:2:3-70
	tools:overrideLibrary
		ADDED from [com.android.support:appcompat-v7:24.2.0] AndroidManifest.xml:23:9-75
	android:targetSdkVersion
		ADDED from src/main/AndroidManifest.xml:22:9-38
		INJECTED from src/main/AndroidManifest.xml
		INJECTED from src/main/AndroidManifest.xml
	android:minSdkVersion
		ADDED from src/main/AndroidManifest.xml:21:9-35
		INJECTED from src/main/AndroidManifest.xml
		INJECTED from src/main/AndroidManifest.xml
application
ADDED from src/main/AndroidManifest.xml:24:5-64:19
MERGED from [upapp:react-native-image-crop-picker:unspecified] AndroidManifest.xml:12:5-27:19
MERGED from [upapp:react-native-getui:unspecified] AndroidManifest.xml:38:5-89:19
MERGED from [com.facebook.react:react-native:0.44.3] AndroidManifest.xml:13:5-20
MERGED from [com.android.support:appcompat-v7:24.2.0] AndroidManifest.xml:25:5-20
MERGED from [com.android.support:animated-vector-drawable:24.2.0] AndroidManifest.xml:22:5-20
MERGED from [com.android.support:support-vector-drawable:24.2.0] AndroidManifest.xml:23:5-20
MERGED from [com.android.support:support-v4:26.0.0-alpha1] AndroidManifest.xml:29:5-20
MERGED from [com.android.support:support-media-compat:26.0.0-alpha1] AndroidManifest.xml:29:5-20
MERGED from [com.android.support:support-fragment:26.0.0-alpha1] AndroidManifest.xml:29:5-20
MERGED from [com.android.support:support-core-ui:26.0.0-alpha1] AndroidManifest.xml:29:5-20
MERGED from [com.android.support:support-core-utils:26.0.0-alpha1] AndroidManifest.xml:29:5-20
MERGED from [com.android.support:support-compat:26.0.0-alpha1] AndroidManifest.xml:29:5-20
MERGED from [com.facebook.soloader:soloader:0.1.0] AndroidManifest.xml:3:3-17
MERGED from [org.webkit:android-jsc:r174650] AndroidManifest.xml:2:3-17
	android:label
		ADDED from src/main/AndroidManifest.xml:27:7-39
	android:allowBackup
		ADDED from src/main/AndroidManifest.xml:26:7-33
	android:icon
		ADDED from src/main/AndroidManifest.xml:28:7-41
	android:theme
		ADDED from src/main/AndroidManifest.xml:29:7-38
	android:name
		ADDED from src/main/AndroidManifest.xml:25:7-38
activity#com.youpu.MainActivity
ADDED from src/main/AndroidManifest.xml:30:7-46:18
	android:screenOrientation
		ADDED from src/main/AndroidManifest.xml:35:9-45
	android:label
		ADDED from src/main/AndroidManifest.xml:32:9-41
	android:windowSoftInputMode
		ADDED from src/main/AndroidManifest.xml:34:9-51
	android:configChanges
		ADDED from src/main/AndroidManifest.xml:33:9-79
	android:name
		ADDED from src/main/AndroidManifest.xml:31:9-37
intent-filter#android.intent.action.MAIN+android.intent.category.LAUNCHER
ADDED from src/main/AndroidManifest.xml:36:9-39:25
action#android.intent.action.MAIN
ADDED from src/main/AndroidManifest.xml:37:13-65
	android:name
		ADDED from src/main/AndroidManifest.xml:37:21-62
category#android.intent.category.LAUNCHER
ADDED from src/main/AndroidManifest.xml:38:13-73
	android:name
		ADDED from src/main/AndroidManifest.xml:38:23-70
intent-filter#android.intent.action.VIEW+android.intent.category.BROWSABLE+android.intent.category.DEFAULT
ADDED from src/main/AndroidManifest.xml:40:9-45:25
category#android.intent.category.DEFAULT
ADDED from src/main/AndroidManifest.xml:41:13-72
	android:name
		ADDED from src/main/AndroidManifest.xml:41:23-69
action#android.intent.action.VIEW
ADDED from src/main/AndroidManifest.xml:42:13-65
	android:name
		ADDED from src/main/AndroidManifest.xml:42:21-62
category#android.intent.category.BROWSABLE
ADDED from src/main/AndroidManifest.xml:43:13-74
	android:name
		ADDED from src/main/AndroidManifest.xml:43:23-71
data
ADDED from src/main/AndroidManifest.xml:44:13-44
	android:scheme
		ADDED from src/main/AndroidManifest.xml:44:19-41
activity#com.facebook.react.devsupport.DevSettingsActivity
ADDED from src/main/AndroidManifest.xml:47:7-84
	android:name
		ADDED from src/main/AndroidManifest.xml:47:17-81
activity#com.youpu.wxapi.WXEntryActivity
ADDED from src/main/AndroidManifest.xml:48:7-52:9
	android:label
		ADDED from src/main/AndroidManifest.xml:50:9-41
	android:exported
		ADDED from src/main/AndroidManifest.xml:51:9-32
	android:name
		ADDED from src/main/AndroidManifest.xml:49:9-46
meta-data#UMENG_APPKEY
ADDED from src/main/AndroidManifest.xml:53:7-88
	android:value
		ADDED from src/main/AndroidManifest.xml:53:18-58
	android:name
		ADDED from src/main/AndroidManifest.xml:53:59-86
meta-data#UMENG_CHANNEL
ADDED from src/main/AndroidManifest.xml:54:7-70
	android:value
		ADDED from src/main/AndroidManifest.xml:54:18-39
	android:name
		ADDED from src/main/AndroidManifest.xml:54:40-68
meta-data#PUSH_APPID
ADDED from src/main/AndroidManifest.xml:60:7-84
	android:value
		ADDED from src/main/AndroidManifest.xml:60:44-82
	android:name
		ADDED from src/main/AndroidManifest.xml:60:18-43
meta-data#PUSH_APPKEY
ADDED from src/main/AndroidManifest.xml:61:7-85
	android:value
		ADDED from src/main/AndroidManifest.xml:61:45-83
	android:name
		ADDED from src/main/AndroidManifest.xml:61:18-44
meta-data#PUSH_APPSECRET
ADDED from src/main/AndroidManifest.xml:62:7-88
	android:value
		ADDED from src/main/AndroidManifest.xml:62:48-86
	android:name
		ADDED from src/main/AndroidManifest.xml:62:18-47
uses-permission#android.permission.WRITE_EXTERNAL_STORAGE
ADDED from [upapp:react-native-wechat:unspecified] AndroidManifest.xml:15:5-81
MERGED from [upapp:react-native-image-crop-picker:unspecified] AndroidManifest.xml:10:5-81
MERGED from [upapp:react-native-getui:unspecified] AndroidManifest.xml:19:5-81
	android:name
		ADDED from [upapp:react-native-wechat:unspecified] AndroidManifest.xml:15:22-78
provider#android.support.v4.content.FileProvider
ADDED from [upapp:react-native-image-crop-picker:unspecified] AndroidManifest.xml:13:9-21:20
	android:authorities
		ADDED from [upapp:react-native-image-crop-picker:unspecified] AndroidManifest.xml:15:13-60
	android:grantUriPermissions
		ADDED from [upapp:react-native-image-crop-picker:unspecified] AndroidManifest.xml:17:13-47
	android:exported
		ADDED from [upapp:react-native-image-crop-picker:unspecified] AndroidManifest.xml:16:13-37
	android:name
		ADDED from [upapp:react-native-image-crop-picker:unspecified] AndroidManifest.xml:14:13-67
meta-data#android.support.FILE_PROVIDER_PATHS
ADDED from [upapp:react-native-image-crop-picker:unspecified] AndroidManifest.xml:18:13-20:58
	android:resource
		ADDED from [upapp:react-native-image-crop-picker:unspecified] AndroidManifest.xml:20:17-55
	android:name
		ADDED from [upapp:react-native-image-crop-picker:unspecified] AndroidManifest.xml:19:17-67
activity#com.yalantis.ucrop.UCropActivity
ADDED from [upapp:react-native-image-crop-picker:unspecified] AndroidManifest.xml:23:9-26:72
	android:screenOrientation
		ADDED from [upapp:react-native-image-crop-picker:unspecified] AndroidManifest.xml:25:13-49
	android:theme
		ADDED from [upapp:react-native-image-crop-picker:unspecified] AndroidManifest.xml:26:13-69
	android:name
		ADDED from [upapp:react-native-image-crop-picker:unspecified] AndroidManifest.xml:24:13-60
uses-permission#android.permission.CHANGE_WIFI_STATE
ADDED from [upapp:react-native-getui:unspecified] AndroidManifest.xml:15:5-76
	android:name
		ADDED from [upapp:react-native-getui:unspecified] AndroidManifest.xml:15:22-73
uses-permission#android.permission.WAKE_LOCK
ADDED from [upapp:react-native-getui:unspecified] AndroidManifest.xml:17:5-68
	android:name
		ADDED from [upapp:react-native-getui:unspecified] AndroidManifest.xml:17:22-65
uses-permission#android.permission.RECEIVE_BOOT_COMPLETED
ADDED from [upapp:react-native-getui:unspecified] AndroidManifest.xml:18:5-81
	android:name
		ADDED from [upapp:react-native-getui:unspecified] AndroidManifest.xml:18:22-78
uses-permission#android.permission.GET_TASKS
ADDED from [upapp:react-native-getui:unspecified] AndroidManifest.xml:21:5-68
	android:name
		ADDED from [upapp:react-native-getui:unspecified] AndroidManifest.xml:21:22-65
uses-permission#android.permission.BLUETOOTH
ADDED from [upapp:react-native-getui:unspecified] AndroidManifest.xml:23:5-68
	android:name
		ADDED from [upapp:react-native-getui:unspecified] AndroidManifest.xml:23:22-65
uses-permission#android.permission.BLUETOOTH_ADMIN
ADDED from [upapp:react-native-getui:unspecified] AndroidManifest.xml:24:5-74
	android:name
		ADDED from [upapp:react-native-getui:unspecified] AndroidManifest.xml:24:22-71
uses-permission#android.permission.ACCESS_COARSE_LOCATION
ADDED from [upapp:react-native-getui:unspecified] AndroidManifest.xml:27:5-81
	android:name
		ADDED from [upapp:react-native-getui:unspecified] AndroidManifest.xml:27:22-78
uses-permission#getui.permission.GetuiService.${applicationId}
ADDED from [upapp:react-native-getui:unspecified] AndroidManifest.xml:31:5-86
	android:name
		ADDED from [upapp:react-native-getui:unspecified] AndroidManifest.xml:31:22-83
permission#getui.permission.GetuiService.${applicationId}
ADDED from [upapp:react-native-getui:unspecified] AndroidManifest.xml:33:5-36:18
	android:protectionLevel
		ADDED from [upapp:react-native-getui:unspecified] AndroidManifest.xml:35:9-41
	android:name
		ADDED from [upapp:react-native-getui:unspecified] AndroidManifest.xml:34:9-70
service#com.igexin.sdk.PushService
ADDED from [upapp:react-native-getui:unspecified] AndroidManifest.xml:41:9-49:19
	android:process
		ADDED from [upapp:react-native-getui:unspecified] AndroidManifest.xml:45:13-43
	android:label
		ADDED from [upapp:react-native-getui:unspecified] AndroidManifest.xml:44:13-47
	android:exported
		ADDED from [upapp:react-native-getui:unspecified] AndroidManifest.xml:43:13-36
	android:name
		ADDED from [upapp:react-native-getui:unspecified] AndroidManifest.xml:42:13-54
intent-filter#com.igexin.sdk.action.service.message
ADDED from [upapp:react-native-getui:unspecified] AndroidManifest.xml:46:13-48:29
action#com.igexin.sdk.action.service.message
ADDED from [upapp:react-native-getui:unspecified] AndroidManifest.xml:47:17-80
	android:name
		ADDED from [upapp:react-native-getui:unspecified] AndroidManifest.xml:47:25-77
receiver#com.igexin.sdk.PushReceiver
ADDED from [upapp:react-native-getui:unspecified] AndroidManifest.xml:51:9-62:20
	android:name
		ADDED from [upapp:react-native-getui:unspecified] AndroidManifest.xml:51:19-61
intent-filter#android.intent.action.ACTION_POWER_CONNECTED+android.intent.action.ACTION_POWER_DISCONNECTED+android.intent.action.BOOT_COMPLETED+android.intent.action.MEDIA_MOUNTED+android.intent.action.USER_PRESENT+android.net.conn.CONNECTIVITY_CHANGE+com.igexin.sdk.action.refreshls
ADDED from [upapp:react-native-getui:unspecified] AndroidManifest.xml:52:13-61:29
action#android.intent.action.BOOT_COMPLETED
ADDED from [upapp:react-native-getui:unspecified] AndroidManifest.xml:53:17-79
	android:name
		ADDED from [upapp:react-native-getui:unspecified] AndroidManifest.xml:53:25-76
action#android.net.conn.CONNECTIVITY_CHANGE
ADDED from [upapp:react-native-getui:unspecified] AndroidManifest.xml:54:17-79
	android:name
		ADDED from [upapp:react-native-getui:unspecified] AndroidManifest.xml:54:25-76
action#android.intent.action.USER_PRESENT
ADDED from [upapp:react-native-getui:unspecified] AndroidManifest.xml:55:17-77
	android:name
		ADDED from [upapp:react-native-getui:unspecified] AndroidManifest.xml:55:25-74
action#com.igexin.sdk.action.refreshls
ADDED from [upapp:react-native-getui:unspecified] AndroidManifest.xml:56:17-74
	android:name
		ADDED from [upapp:react-native-getui:unspecified] AndroidManifest.xml:56:25-71
action#android.intent.action.MEDIA_MOUNTED
ADDED from [upapp:react-native-getui:unspecified] AndroidManifest.xml:58:17-78
	android:name
		ADDED from [upapp:react-native-getui:unspecified] AndroidManifest.xml:58:25-75
action#android.intent.action.ACTION_POWER_CONNECTED
ADDED from [upapp:react-native-getui:unspecified] AndroidManifest.xml:59:17-87
	android:name
		ADDED from [upapp:react-native-getui:unspecified] AndroidManifest.xml:59:25-84
action#android.intent.action.ACTION_POWER_DISCONNECTED
ADDED from [upapp:react-native-getui:unspecified] AndroidManifest.xml:60:17-90
	android:name
		ADDED from [upapp:react-native-getui:unspecified] AndroidManifest.xml:60:25-87
activity#com.igexin.sdk.PushActivity
ADDED from [upapp:react-native-getui:unspecified] AndroidManifest.xml:64:9-71:20
	android:process
		ADDED from [upapp:react-native-getui:unspecified] AndroidManifest.xml:68:13-43
	android:excludeFromRecents
		ADDED from [upapp:react-native-getui:unspecified] AndroidManifest.xml:66:13-46
	android:exported
		ADDED from [upapp:react-native-getui:unspecified] AndroidManifest.xml:67:13-37
	android:theme
		ADDED from [upapp:react-native-getui:unspecified] AndroidManifest.xml:70:13-72
	android:taskAffinity
		ADDED from [upapp:react-native-getui:unspecified] AndroidManifest.xml:69:13-67
	android:name
		ADDED from [upapp:react-native-getui:unspecified] AndroidManifest.xml:65:13-55
activity#com.igexin.sdk.GActivity
ADDED from [upapp:react-native-getui:unspecified] AndroidManifest.xml:72:9-78:75
	android:process
		ADDED from [upapp:react-native-getui:unspecified] AndroidManifest.xml:76:13-43
	android:excludeFromRecents
		ADDED from [upapp:react-native-getui:unspecified] AndroidManifest.xml:74:13-46
	android:exported
		ADDED from [upapp:react-native-getui:unspecified] AndroidManifest.xml:75:13-36
	android:theme
		ADDED from [upapp:react-native-getui:unspecified] AndroidManifest.xml:78:13-72
	android:taskAffinity
		ADDED from [upapp:react-native-getui:unspecified] AndroidManifest.xml:77:13-67
	android:name
		ADDED from [upapp:react-native-getui:unspecified] AndroidManifest.xml:73:13-52
service#com.getui.reactnativegetui.PushService
ADDED from [upapp:react-native-getui:unspecified] AndroidManifest.xml:80:9-84:46
	android:process
		ADDED from [upapp:react-native-getui:unspecified] AndroidManifest.xml:84:13-43
	android:label
		ADDED from [upapp:react-native-getui:unspecified] AndroidManifest.xml:83:13-40
	android:exported
		ADDED from [upapp:react-native-getui:unspecified] AndroidManifest.xml:82:13-36
	android:name
		ADDED from [upapp:react-native-getui:unspecified] AndroidManifest.xml:81:13-66
service#com.getui.reactnativegetui.PushIntentService
ADDED from [upapp:react-native-getui:unspecified] AndroidManifest.xml:85:9-80
	android:name
		ADDED from [upapp:react-native-getui:unspecified] AndroidManifest.xml:85:18-77
meta-data#android.support.VERSION
ADDED from [com.android.support:support-v4:26.0.0-alpha1] AndroidManifest.xml:25:5-27:41
MERGED from [com.android.support:support-media-compat:26.0.0-alpha1] AndroidManifest.xml:25:5-27:41
MERGED from [com.android.support:support-fragment:26.0.0-alpha1] AndroidManifest.xml:25:5-27:41
MERGED from [com.android.support:support-core-ui:26.0.0-alpha1] AndroidManifest.xml:25:5-27:41
MERGED from [com.android.support:support-core-utils:26.0.0-alpha1] AndroidManifest.xml:25:5-27:41
MERGED from [com.android.support:support-compat:26.0.0-alpha1] AndroidManifest.xml:25:5-27:41
	android:value
		ADDED from [com.android.support:support-v4:26.0.0-alpha1] AndroidManifest.xml:27:9-38
	android:name
		ADDED from [com.android.support:support-v4:26.0.0-alpha1] AndroidManifest.xml:26:9-47
android:uses-permission#android.permission.READ_EXTERNAL_STORAGE
IMPLIED from src/main/AndroidManifest.xml:1:1-66:12 reason: org.webkit.android_jsc requested WRITE_EXTERNAL_STORAGE